<?xml version="1.0" encoding="UTF-8"?>
<coverage generated="1688374175276" clover="3.2.0">
  <project timestamp="1688374175276" name="All files">
    <metrics statements="7" coveredstatements="6" conditionals="2" coveredconditionals="2" methods="1" coveredmethods="1" elements="10" coveredelements="9" complexity="0" loc="7" ncloc="7" packages="1" files="1" classes="1"/>
    <file name="debounce.ts" path="C:\Users\Edu\Documents\NodeJS\Sprint2\DebounceFunction\src\debounce.ts">
      <metrics statements="7" coveredstatements="6" conditionals="2" coveredconditionals="2" methods="1" coveredmethods="1"/>
      <line num="1" count="1" type="cond" truecount="1" falsecount="0"/>
      <line num="2" count="1" type="cond" truecount="1" falsecount="0"/>
      <line num="3" count="1" type="stmt"/>
      <line num="4" count="0" type="stmt"/>
      <line num="5" count="1" type="stmt"/>
      <line num="6" count="1" type="stmt"/>
      <line num="7" count="1" type="stmt"/>
    </file>
  </project>
</coverage>
