{"C:\\Users\\Edu\\Documents\\NodeJS\\Sprint2\\DebounceFunction\\src\\debounce.ts": {"path":"C:\\Users\\Edu\\Documents\\NodeJS\\Sprint2\\DebounceFunction\\src\\debounce.ts","all":false,"statementMap":{"0":{"start":{"line":1,"column":0},"end":{"line":1,"column":45}},"1":{"start":{"line":2,"column":0},"end":{"line":2,"column":36}},"2":{"start":{"line":3,"column":0},"end":{"line":3,"column":26}},"3":{"start":{"line":4,"column":0},"end":{"line":4,"column":28}},"4":{"start":{"line":5,"column":0},"end":{"line":5,"column":16}},"5":{"start":{"line":6,"column":0},"end":{"line":6,"column":6}},"6":{"start":{"line":7,"column":0},"end":{"line":7,"column":1}}},"s":{"0":1,"1":1,"2":1,"3":0,"4":1,"5":1,"6":1},"branchMap":{"0":{"type":"branch","line":1,"loc":{"start":{"line":1,"column":24},"end":{"line":7,"column":1}},"locations":[{"start":{"line":1,"column":24},"end":{"line":7,"column":1}}]},"1":{"type":"branch","line":2,"loc":{"start":{"line":2,"column":23},"end":{"line":6,"column":5}},"locations":[{"start":{"line":2,"column":23},"end":{"line":6,"column":5}}]}},"b":{"0":[1],"1":[1]},"fnMap":{"0":{"name":"debounce","decl":{"start":{"line":1,"column":24},"end":{"line":7,"column":1}},"loc":{"start":{"line":1,"column":24},"end":{"line":7,"column":1}},"line":1}},"f":{"0":1}}
}
